ePOS_SDK_Android_v2.12.2a/ePOS_SDK_Sample_Android/ePOS2_Discovery/app/build/intermediates/manifest_merge_blame_file/debug/manifest-merger-blame-debug-report.txt
1<?xml version="1.0" encoding="utf-8"?>
2<manifest xmlns:android="http://schemas.android.com/apk/res/android"
3    package="com.epson.epos2_discovery"
4    android:versionCode="1"
5    android:versionName="1.0" >
6
7    <uses-sdk
8        android:minSdkVersion="15"
8-->src/main/AndroidManifest.xml
9        android:targetSdkVersion="27" />
9-->src/main/AndroidManifest.xml
10
11    <uses-permission android:name="android.permission.BLUETOOTH" />
11-->src/main/AndroidManifest.xml:5:5-67
11-->src/main/AndroidManifest.xml:5:22-65
12    <uses-permission android:name="android.permission.BLUETOOTH_ADMIN" />
12-->src/main/AndroidManifest.xml:6:5-73
12-->src/main/AndroidManifest.xml:6:22-71
13    <uses-permission android:name="android.permission.INTERNET" />
13-->src/main/AndroidManifest.xml:7:5-66
13-->src/main/AndroidManifest.xml:7:22-64
14    <uses-permission android:name="android.permission.WRITE_EXTERNAL_STORAGE" />
14-->src/main/AndroidManifest.xml:8:5-80
14-->src/main/AndroidManifest.xml:8:22-78
15    <uses-permission android:name="android.permission.ACCESS_COARSE_LOCATION" />
15-->src/main/AndroidManifest.xml:9:5-80
15-->src/main/AndroidManifest.xml:9:22-78
16
17    <application
17-->src/main/AndroidManifest.xml:11:5-29:19
18        android:allowBackup="true"
18-->src/main/AndroidManifest.xml:12:9-35
19        android:debuggable="true"
20        android:icon="@mipmap/ic_launcher"
20-->src/main/AndroidManifest.xml:13:9-43
21        android:label="@string/app_name"
21-->src/main/AndroidManifest.xml:14:9-41
22        android:testOnly="true"
23        android:theme="@style/AppTheme" >
23-->src/main/AndroidManifest.xml:15:9-40
24        <activity
24-->src/main/AndroidManifest.xml:16:9-28:20
25            android:name="com.epson.epos2_discovery.MainActivity"
25-->src/main/AndroidManifest.xml:17:13-41
26            android:label="@string/app_title"
26-->src/main/AndroidManifest.xml:18:13-46
27            android:screenOrientation="portrait" >
27-->src/main/AndroidManifest.xml:19:13-49
28            <intent-filter>
28-->src/main/AndroidManifest.xml:20:13-25:29
29                <action android:name="android.hardware.usb.action.USB_DEVICE_ATTACHED" />
29-->src/main/AndroidManifest.xml:21:17-90
29-->src/main/AndroidManifest.xml:21:25-87
30                <action android:name="android.intent.action.MAIN" />
30-->src/main/AndroidManifest.xml:22:17-69
30-->src/main/AndroidManifest.xml:22:25-66
31
32                <category android:name="android.intent.category.LAUNCHER" />
32-->src/main/AndroidManifest.xml:24:17-77
32-->src/main/AndroidManifest.xml:24:27-74
33            </intent-filter>
34
35            <meta-data
35-->src/main/AndroidManifest.xml:26:13-27:57
36                android:name="android.hardware.usb.action.USB_DEVICE_ATTACHED"
36-->src/main/AndroidManifest.xml:26:24-86
37                android:resource="@xml/device_filter" />
37-->src/main/AndroidManifest.xml:27:17-54
38        </activity>
39    </application>
40
41</manifest>